0 info it worked if it ends with ok
1 verbose cli [ '/usr/local/bin/node',
1 verbose cli   '/usr/local/bin/npm',
1 verbose cli   'install',
1 verbose cli   '--save-dev',
1 verbose cli   'gulp-uglify' ]
2 info using npm@2.14.4
3 info using node@v4.1.1
4 verbose install initial load of /Users/martijn/OneDrive/3NMCT/NMCTBackFront/Frontend/package.json
5 verbose installManyTop reading scoped package data from /Users/martijn/OneDrive/3NMCT/NMCTBackFront/Frontend/node_modules/babel-plugin-transform-react-jsx/package.json
6 verbose installManyTop reading scoped package data from /Users/martijn/OneDrive/3NMCT/NMCTBackFront/Frontend/node_modules/babel-preset-es2015/package.json
7 verbose installManyTop reading scoped package data from /Users/martijn/OneDrive/3NMCT/NMCTBackFront/Frontend/node_modules/babel-preset-react/package.json
8 verbose installManyTop reading scoped package data from /Users/martijn/OneDrive/3NMCT/NMCTBackFront/Frontend/node_modules/gulp/package.json
9 verbose installManyTop reading scoped package data from /Users/martijn/OneDrive/3NMCT/NMCTBackFront/Frontend/node_modules/gulp-babel/package.json
10 verbose installManyTop reading scoped package data from /Users/martijn/OneDrive/3NMCT/NMCTBackFront/Frontend/node_modules/gulp-concat/package.json
11 verbose installManyTop reading scoped package data from /Users/martijn/OneDrive/3NMCT/NMCTBackFront/Frontend/node_modules/gulp-csslint/package.json
12 verbose installManyTop reading scoped package data from /Users/martijn/OneDrive/3NMCT/NMCTBackFront/Frontend/node_modules/gulp-jshint/package.json
13 verbose installManyTop reading scoped package data from /Users/martijn/OneDrive/3NMCT/NMCTBackFront/Frontend/node_modules/gulp-livereload/package.json
14 verbose installManyTop reading scoped package data from /Users/martijn/OneDrive/3NMCT/NMCTBackFront/Frontend/node_modules/gulp-minify-css/package.json
15 verbose installManyTop reading scoped package data from /Users/martijn/OneDrive/3NMCT/NMCTBackFront/Frontend/node_modules/gulp-notify/package.json
16 verbose installManyTop reading scoped package data from /Users/martijn/OneDrive/3NMCT/NMCTBackFront/Frontend/node_modules/gulp-sass/package.json
17 verbose installManyTop reading scoped package data from /Users/martijn/OneDrive/3NMCT/NMCTBackFront/Frontend/node_modules/gulp-sourcemaps/package.json
18 verbose installManyTop reading scoped package data from /Users/martijn/OneDrive/3NMCT/NMCTBackFront/Frontend/node_modules/gulp-uglify/package.json
19 verbose installManyTop reading scoped package data from /Users/martijn/OneDrive/3NMCT/NMCTBackFront/Frontend/node_modules/react/package.json
20 verbose installManyTop reading scoped package data from /Users/martijn/OneDrive/3NMCT/NMCTBackFront/Frontend/node_modules/react-dom/package.json
21 verbose installManyTop reading scoped package data from /Users/martijn/OneDrive/3NMCT/NMCTBackFront/Frontend/node_modules/react-tools/package.json
22 info package.json gulp-notify@2.2.0 No license field.
23 verbose readDependencies loading dependencies from /Users/martijn/OneDrive/3NMCT/NMCTBackFront/Frontend/package.json
24 verbose install gulp-uglify is installed as 1.5.1
25 silly cache add args [ 'gulp-uglify', null ]
26 verbose cache add spec gulp-uglify
27 silly cache add parsed spec Result {
27 silly cache add   raw: 'gulp-uglify',
27 silly cache add   scope: null,
27 silly cache add   name: 'gulp-uglify',
27 silly cache add   rawSpec: '',
27 silly cache add   spec: '*',
27 silly cache add   type: 'range' }
28 silly addNamed gulp-uglify@*
29 verbose addNamed "*" is a valid semver range for gulp-uglify
30 silly addNameRange { name: 'gulp-uglify', range: '*', hasData: false }
31 silly mapToRegistry name gulp-uglify
32 silly mapToRegistry using default registry
33 silly mapToRegistry registry https://registry.npmjs.org/
34 silly mapToRegistry uri https://registry.npmjs.org/gulp-uglify
35 verbose addNameRange registry:https://registry.npmjs.org/gulp-uglify not in flight; fetching
36 verbose request uri https://registry.npmjs.org/gulp-uglify
37 verbose request no auth needed
38 info attempt registry request try #1 at 2:57:12 PM
39 verbose request id ba1457503e7b0a07
40 verbose etag "3OZZJOD5E0EVDFRL9U1358GIQ"
41 http request GET https://registry.npmjs.org/gulp-uglify
42 http 200 https://registry.npmjs.org/gulp-uglify
43 silly get cb [ 200,
43 silly get   { server: 'CouchDB/1.5.0 (Erlang OTP/R16B03)',
43 silly get     etag: '"1N3A76YMC8IGXG7QB3SSJUBUY"',
43 silly get     'content-type': 'application/json',
43 silly get     'cache-control': 'max-age=60',
43 silly get     'content-length': '36444',
43 silly get     'accept-ranges': 'bytes',
43 silly get     date: 'Tue, 17 Nov 2015 13:57:12 GMT',
43 silly get     via: '1.1 varnish',
43 silly get     age: '26',
43 silly get     connection: 'keep-alive',
43 silly get     'x-served-by': 'cache-ams4141-AMS',
43 silly get     'x-cache': 'HIT',
43 silly get     'x-cache-hits': '1',
43 silly get     'x-timer': 'S1447768632.453001,VS0,VE0',
43 silly get     vary: 'Accept' } ]
44 verbose get saving gulp-uglify to /Users/martijn/.npm/registry.npmjs.org/gulp-uglify/.cache.json
45 silly addNameRange number 2 { name: 'gulp-uglify', range: '*', hasData: true }
46 silly addNameRange versions [ 'gulp-uglify',
46 silly addNameRange   [ '0.0.1',
46 silly addNameRange     '0.0.3',
46 silly addNameRange     '0.0.4',
46 silly addNameRange     '0.1.0',
46 silly addNameRange     '0.2.0',
46 silly addNameRange     '0.2.1',
46 silly addNameRange     '0.3.0',
46 silly addNameRange     '0.3.1',
46 silly addNameRange     '0.3.2',
46 silly addNameRange     '1.0.0-0',
46 silly addNameRange     '1.0.0',
46 silly addNameRange     '1.0.1',
46 silly addNameRange     '1.0.2',
46 silly addNameRange     '1.1.0',
46 silly addNameRange     '1.2.0',
46 silly addNameRange     '1.3.0',
46 silly addNameRange     '1.4.0',
46 silly addNameRange     '1.4.1',
46 silly addNameRange     '1.4.2',
46 silly addNameRange     '1.5.1' ] ]
47 silly addNamed gulp-uglify@1.5.1
48 verbose addNamed "1.5.1" is a plain semver version for gulp-uglify
49 silly cache afterAdd gulp-uglify@1.5.1
50 verbose afterAdd /Users/martijn/.npm/gulp-uglify/1.5.1/package/package.json not in flight; writing
51 verbose afterAdd /Users/martijn/.npm/gulp-uglify/1.5.1/package/package.json written
52 silly install resolved [ { name: 'gulp-uglify',
52 silly install resolved     description: 'Minify files with UglifyJS.',
52 silly install resolved     version: '1.5.1',
52 silly install resolved     author: { name: 'Terin Stock', email: 'terinjokes@gmail.com' },
52 silly install resolved     bugs: { url: 'https://github.com/terinjokes/gulp-uglify/issues' },
52 silly install resolved     dependencies:
52 silly install resolved      { deap: '^1.0.0',
52 silly install resolved        'fancy-log': '^1.0.0',
52 silly install resolved        'gulp-util': '^3.0.0',
52 silly install resolved        isobject: '^2.0.0',
52 silly install resolved        through2: '^2.0.0',
52 silly install resolved        'uglify-js': '2.6.0',
52 silly install resolved        'uglify-save-license': '^0.4.1',
52 silly install resolved        'vinyl-sourcemaps-apply': '^0.2.0' },
52 silly install resolved     devDependencies:
52 silly install resolved      { cmem: '^1.0.0',
52 silly install resolved        coveralls: '^2.11.4',
52 silly install resolved        'gulp-concat': '^2.0.0',
52 silly install resolved        'gulp-sourcemaps': '^1.0.0',
52 silly install resolved        istanbul: '^0.4.0',
52 silly install resolved        tape: '^4.0.0',
52 silly install resolved        vinyl: '^1.0.0',
52 silly install resolved        xo: '^0.10.0' },
52 silly install resolved     homepage: 'https://github.com/terinjokes/gulp-uglify/',
52 silly install resolved     keywords: [ 'gulpplugin' ],
52 silly install resolved     license: 'MIT',
52 silly install resolved     main: 'index.js',
52 silly install resolved     repository:
52 silly install resolved      { type: 'git',
52 silly install resolved        url: 'git+https://github.com/terinjokes/gulp-uglify.git' },
52 silly install resolved     xo: { space: true },
52 silly install resolved     files: [ 'index.js', 'minifier.js', 'lib/' ],
52 silly install resolved     scripts:
52 silly install resolved      { test: 'xo && istanbul cover ./node_modules/tape/bin/tape test/*.js',
52 silly install resolved        coverage: 'cat ./coverage/lcov.info | coveralls' },
52 silly install resolved     gitHead: 'c16275f4f5efe4d26b4daed683bade1cd77fb9bb',
52 silly install resolved     _id: 'gulp-uglify@1.5.1',
52 silly install resolved     _shasum: '9e13294247354c91e15ace116b1630789366206a',
52 silly install resolved     _from: 'gulp-uglify@*',
52 silly install resolved     _npmVersion: '3.3.10',
52 silly install resolved     _nodeVersion: '5.0.0',
52 silly install resolved     _npmUser: { name: 'terinjokes', email: 'terinjokes@gmail.com' },
52 silly install resolved     dist:
52 silly install resolved      { shasum: '9e13294247354c91e15ace116b1630789366206a',
52 silly install resolved        tarball: 'http://registry.npmjs.org/gulp-uglify/-/gulp-uglify-1.5.1.tgz' },
52 silly install resolved     maintainers: [ [Object] ],
52 silly install resolved     directories: {},
52 silly install resolved     _resolved: 'https://registry.npmjs.org/gulp-uglify/-/gulp-uglify-1.5.1.tgz',
52 silly install resolved     readme: 'ERROR: No README data found!' } ]
53 info install gulp-uglify@1.5.1 into /Users/martijn/OneDrive/3NMCT/NMCTBackFront/Frontend
54 info installOne gulp-uglify@1.5.1
55 verbose installOne of gulp-uglify to /Users/martijn/OneDrive/3NMCT/NMCTBackFront/Frontend not in flight; installing
56 verbose lock using /Users/martijn/.npm/_locks/gulp-uglify-e4a6914aa30b9db8.lock for /Users/martijn/OneDrive/3NMCT/NMCTBackFront/Frontend/node_modules/gulp-uglify
57 silly install write writing gulp-uglify 1.5.1 to /Users/martijn/OneDrive/3NMCT/NMCTBackFront/Frontend/node_modules/gulp-uglify
58 verbose unbuild node_modules/gulp-uglify
59 info preuninstall gulp-uglify@1.5.1
60 info uninstall gulp-uglify@1.5.1
61 verbose unbuild rmStuff gulp-uglify@1.5.1 from /Users/martijn/OneDrive/3NMCT/NMCTBackFront/Frontend/node_modules
62 info postuninstall gulp-uglify@1.5.1
63 silly gentlyRm /Users/martijn/OneDrive/3NMCT/NMCTBackFront/Frontend/node_modules/gulp-uglify is being purged from base /Users/martijn/OneDrive/3NMCT/NMCTBackFront/Frontend
64 verbose gentlyRm don't care about contents; nuking /Users/martijn/OneDrive/3NMCT/NMCTBackFront/Frontend/node_modules/gulp-uglify
65 silly vacuum-fs purging /Users/martijn/OneDrive/3NMCT/NMCTBackFront/Frontend/node_modules/gulp-uglify
66 verbose unlock done using /Users/martijn/.npm/_locks/gulp-uglify-e4a6914aa30b9db8.lock for /Users/martijn/OneDrive/3NMCT/NMCTBackFront/Frontend/node_modules/gulp-uglify
67 verbose stack Error: EACCES: permission denied, unlink '/Users/martijn/OneDrive/3NMCT/NMCTBackFront/Frontend/node_modules/gulp-uglify/node_modules/.bin/uglifyjs'
67 verbose stack     at Error (native)
68 verbose cwd /Users/martijn/OneDrive/3NMCT/NMCTBackFront/Frontend
69 error Darwin 15.0.0
70 error argv "/usr/local/bin/node" "/usr/local/bin/npm" "install" "--save-dev" "gulp-uglify"
71 error node v4.1.1
72 error npm  v2.14.4
73 error path /Users/martijn/OneDrive/3NMCT/NMCTBackFront/Frontend/node_modules/gulp-uglify/node_modules/.bin/uglifyjs
74 error code EACCES
75 error errno -13
76 error syscall unlink
77 error Error: EACCES: permission denied, unlink '/Users/martijn/OneDrive/3NMCT/NMCTBackFront/Frontend/node_modules/gulp-uglify/node_modules/.bin/uglifyjs'
77 error     at Error (native)
77 error  { [Error: EACCES: permission denied, unlink '/Users/martijn/OneDrive/3NMCT/NMCTBackFront/Frontend/node_modules/gulp-uglify/node_modules/.bin/uglifyjs']
77 error   errno: -13,
77 error   code: 'EACCES',
77 error   syscall: 'unlink',
77 error   path: '/Users/martijn/OneDrive/3NMCT/NMCTBackFront/Frontend/node_modules/gulp-uglify/node_modules/.bin/uglifyjs' }
78 error Please try running this command again as root/Administrator.
79 verbose exit [ -13, true ]
80 verbose unbuild node_modules/gulp-uglify
81 silly gentlyRm /Users/martijn/OneDrive/3NMCT/NMCTBackFront/Frontend/node_modules/gulp-uglify is being purged from base /Users/martijn/OneDrive/3NMCT/NMCTBackFront/Frontend
82 verbose gentlyRm don't care about contents; nuking /Users/martijn/OneDrive/3NMCT/NMCTBackFront/Frontend/node_modules/gulp-uglify
83 silly vacuum-fs purging /Users/martijn/OneDrive/3NMCT/NMCTBackFront/Frontend/node_modules/gulp-uglify
84 error error rolling back Error: EACCES: permission denied, unlink '/Users/martijn/OneDrive/3NMCT/NMCTBackFront/Frontend/node_modules/gulp-uglify/node_modules/.bin/uglifyjs'
84 error error rolling back     at Error (native)
84 error error rolling back  { [Error: EACCES: permission denied, unlink '/Users/martijn/OneDrive/3NMCT/NMCTBackFront/Frontend/node_modules/gulp-uglify/node_modules/.bin/uglifyjs']
84 error error rolling back   errno: -13,
84 error error rolling back   code: 'EACCES',
84 error error rolling back   syscall: 'unlink',
84 error error rolling back   path: '/Users/martijn/OneDrive/3NMCT/NMCTBackFront/Frontend/node_modules/gulp-uglify/node_modules/.bin/uglifyjs' }
